<?xml version="1.0" encoding="UTF-8"?>
<!-- Generated by org.testng.reporters.JUnitXMLReporter -->
<testsuite ignored="1" hostname="Saravana" failures="0" tests="1" name="Give data from this testcase" time="0.047" errors="0" timestamp="2020-05-03T14:00:58 IST">
  <testcase classname="org.saravana.learntestng.DataParameterization" name="printNameAndAge" time="0.0"/>
  <testcase classname="org.saravana.learntestng.DataParameterization" name="printName" time="0.0">
    <ignored/>
  </testcase> <!-- printName -->
</testsuite> <!-- Give data from this testcase -->
