<?xml version="1.0" encoding="UTF-8"?>
<!-- Generated by org.testng.reporters.JUnitXMLReporter -->
<testsuite ignored="2" hostname="Saravana" failures="0" tests="3" name="Testing - Driving a car" time="0.056" errors="0" timestamp="2020-05-04T14:17:00 IST">
  <testcase classname="org.saravana.learntestng.DriveCar" name="startTheCar" time="0.006"/>
  <testcase classname="org.saravana.learntestng.DriveCar" name="putFirstGear" time="0.0"/>
  <testcase classname="org.saravana.learntestng.DriveCar" name="putSecondGear" time="0.0"/>
  <testcase classname="org.saravana.learntestng.DriveCar" name="putThirdGear" time="0.0">
    <ignored/>
  </testcase> <!-- putThirdGear -->
  <testcase classname="org.saravana.learntestng.DriveCar" name="putFourthGear" time="0.0">
    <ignored/>
  </testcase> <!-- putFourthGear -->
</testsuite> <!-- Testing - Driving a car -->
