<?xml version="1.0" encoding="UTF-8"?>
<!-- Generated by org.testng.reporters.JUnitXMLReporter -->
<testsuite ignored="4" hostname="Saravana" failures="0" tests="4" name="Testing Group" time="0.031" errors="0" timestamp="2020-05-03T13:24:32 IST">
  <testcase classname="org.saravana.learntestng.GroupingExample" name="apple1" time="0.0"/>
  <testcase classname="org.saravana.learntestng.GroupingExample" name="apple2" time="0.0"/>
  <testcase classname="org.saravana.learntestng.GroupingExample" name="moto1" time="0.0"/>
  <testcase classname="org.saravana.learntestng.GroupingExample" name="moto2" time="0.0"/>
  <testcase classname="org.saravana.learntestng.GroupingExample" name="vivo1" time="0.0">
    <ignored/>
  </testcase> <!-- vivo1 -->
  <testcase classname="org.saravana.learntestng.GroupingExample" name="vivo2" time="0.0">
    <ignored/>
  </testcase> <!-- vivo2 -->
  <testcase classname="org.saravana.learntestng.GroupingExample" name="lenovo2" time="0.0">
    <ignored/>
  </testcase> <!-- lenovo2 -->
  <testcase classname="org.saravana.learntestng.GroupingExample" name="lenovo1" time="0.0">
    <ignored/>
  </testcase> <!-- lenovo1 -->
</testsuite> <!-- Testing Group -->
