<?xml version="1.0" encoding="UTF-8"?>
<!-- Generated by org.testng.reporters.JUnitXMLReporter -->
<testsuite ignored="1" hostname="Saravana" failures="0" tests="18" name="TestCases" time="0.068" errors="0" timestamp="2020-04-30T11:23:21 IST">
  <testcase classname="org.saravana.learntestng.Dependency" name="highSchool" time="0.005"/>
  <testcase classname="org.saravana.learntestng.Dependency" name="higherSecSchool" time="0.001"/>
  <testcase classname="org.saravana.learntestng.Dependency" name="engineering" time="0.001"/>
  <testcase classname="org.saravana.learntestng.DriveCar" name="startTheCar" time="0.0"/>
  <testcase classname="org.saravana.learntestng.DriveCar" name="putFirstGear" time="0.001"/>
  <testcase classname="org.saravana.learntestng.DriveCar" name="putSecondGear" time="0.0"/>
  <testcase classname="org.saravana.learntestng.DriveCar" name="putThirdGear" time="0.0"/>
  <testcase classname="org.saravana.learntestng.DriveCar" name="putFourthGear" time="0.0"/>
  <testcase classname="org.saravana.learntestng.SampleTestCase" name="fifthTestCase" time="0.001"/>
  <testcase classname="org.saravana.learntestng.SampleTestCase" name="firstTestCase" time="0.0"/>
  <testcase classname="org.saravana.learntestng.SampleTestCase" name="fourthTestCase" time="0.001"/>
  <testcase classname="org.saravana.learntestng.SampleTestCase" name="secondTestCase" time="0.001"/>
  <testcase classname="org.saravana.learntestng.SampleTestCase" name="thirdTestCase" time="0.0"/>
  <testcase classname="org.saravana.learntestng.SkippingTheTestCase" name="startTheCar" time="0.001"/>
  <testcase classname="org.saravana.learntestng.SkippingTheTestCase" name="putFirstGear" time="0.0"/>
  <testcase classname="org.saravana.learntestng.SkippingTheTestCase" name="putSecondGear" time="0.0"/>
  <testcase classname="org.saravana.learntestng.SkippingTheTestCase" name="putThirdGear" time="0.0"/>
  <testcase classname="org.saravana.learntestng.SkippingTheTestCase" name="putFourthGear" time="0.0"/>
  <testcase classname="org.saravana.learntestng.SkippingTheTestCase" name="turnMusicOn" time="0.0">
    <ignored/>
  </testcase> <!-- turnMusicOn -->
</testsuite> <!-- TestCases -->
