<?xml version="1.0" encoding="UTF-8"?>
<testng-results ignored="2" total="5" passed="3" failed="0" skipped="0">
  <reporter-output>
  </reporter-output>
  <suite started-at="2020-05-04T14:17:00 IST" name="Example of listeners" finished-at="2020-05-04T14:17:00 IST" duration-ms="56">
    <groups>
    </groups>
    <test started-at="2020-05-04T14:17:00 IST" name="Testing - Driving a car" finished-at="2020-05-04T14:17:00 IST" duration-ms="56">
      <class name="org.saravana.learntestng.DriveCar">
        <test-method signature="startTheCar()[pri:0, instance:org.saravana.learntestng.DriveCar@2a3b5b47]" started-at="2020-05-04T14:17:00 IST" name="startTheCar" finished-at="2020-05-04T14:17:00 IST" duration-ms="6" status="PASS">
          <reporter-output>
          </reporter-output>
        </test-method> <!-- startTheCar -->
        <test-method signature="putFirstGear()[pri:1, instance:org.saravana.learntestng.DriveCar@2a3b5b47]" started-at="2020-05-04T14:17:00 IST" name="putFirstGear" finished-at="2020-05-04T14:17:00 IST" duration-ms="0" status="PASS">
          <reporter-output>
          </reporter-output>
        </test-method> <!-- putFirstGear -->
        <test-method signature="putSecondGear()[pri:2, instance:org.saravana.learntestng.DriveCar@2a3b5b47]" started-at="2020-05-04T14:17:00 IST" name="putSecondGear" finished-at="2020-05-04T14:17:00 IST" duration-ms="0" status="PASS">
          <reporter-output>
          </reporter-output>
        </test-method> <!-- putSecondGear -->
      </class> <!-- org.saravana.learntestng.DriveCar -->
    </test> <!-- Testing - Driving a car -->
  </suite> <!-- Example of listeners -->
</testng-results>
