<?xml version="1.0" encoding="UTF-8"?>
<testng-results ignored="2" total="4" passed="2" failed="0" skipped="0">
  <reporter-output>
  </reporter-output>
  <suite started-at="2020-05-12T15:59:50 IST" name="Get titles of youtube" finished-at="2020-05-12T16:06:09 IST" duration-ms="379624">
    <groups>
    </groups>
    <test started-at="2020-05-12T15:59:50 IST" name="Go to youtube" finished-at="2020-05-12T15:59:56 IST" duration-ms="5958">
      <class name="auto.inside.automation.youtube.tests.HomePageTests">
        <test-method signature="searchInGoogle()[pri:0, instance:auto.inside.automation.youtube.tests.HomePageTests@6db66836]" started-at="2020-05-12T15:59:50 IST" name="searchInGoogle" finished-at="2020-05-12T15:59:56 IST" duration-ms="5918" status="PASS">
          <reporter-output>
          </reporter-output>
        </test-method> <!-- searchInGoogle -->
      </class> <!-- auto.inside.automation.youtube.tests.HomePageTests -->
    </test> <!-- Go to youtube -->
    <test started-at="2020-05-12T15:59:56 IST" name="Print all results" finished-at="2020-05-12T16:06:09 IST" duration-ms="373594">
      <class name="auto.inside.automation.youtube.tests.HomePageTests">
        <test-method signature="printTitles()[pri:0, instance:auto.inside.automation.youtube.tests.HomePageTests@617fe9e1]" started-at="2020-05-12T15:59:56 IST" name="printTitles" finished-at="2020-05-12T16:06:09 IST" duration-ms="373590" status="PASS">
          <reporter-output>
          </reporter-output>
        </test-method> <!-- printTitles -->
      </class> <!-- auto.inside.automation.youtube.tests.HomePageTests -->
    </test> <!-- Print all results -->
  </suite> <!-- Get titles of youtube -->
</testng-results>
