<?xml version="1.0" encoding="UTF-8"?>
<!-- Generated by org.testng.reporters.JUnitXMLReporter -->
<testsuite ignored="0" hostname="Saravana" failures="0" tests="3" name="Testing Parallelly" time="8.072" errors="0" timestamp="2020-05-03T14:50:10 IST">
  <testcase classname="org.saravana.learntestng.ParallelTesting" name="openBing" time="4.553"/>
  <testcase classname="org.saravana.learntestng.ParallelTesting" name="openGoogle" time="7.495"/>
  <testcase classname="org.saravana.learntestng.ParallelTesting" name="openYahoo" time="8.035"/>
</testsuite> <!-- Testing Parallelly -->
